<?xml version="1.0" encoding="UTF-8"?>
<testng-results ignored="0" total="3" passed="3" failed="0" skipped="0">
  <reporter-output>
  </reporter-output>
  <suite started-at="2025-07-20T15:33:46 IST" name="Default suite" finished-at="2025-07-20T15:34:10 IST" duration-ms="24537">
    <groups>
    </groups>
    <test started-at="2025-07-20T15:33:46 IST" name="Default test" finished-at="2025-07-20T15:34:10 IST" duration-ms="24537">
      <class name="MiniProjectAlerts.alerts">
        <test-method signature="testAlerts(java.lang.String)[pri:0, instance:MiniProjectAlerts.alerts@47f4e407]" started-at="2025-07-20T15:33:46 IST" name="testAlerts" data-provider="dp" finished-at="2025-07-20T15:33:54 IST" duration-ms="7875" status="PASS">
          <params>
            <param index="0">
              <value>
                <![CDATA[Sumaya]]>
              </value>
            </param>
          </params>
          <reporter-output>
          </reporter-output>
        </test-method> <!-- testAlerts -->
        <test-method signature="testAlerts(java.lang.String)[pri:0, instance:MiniProjectAlerts.alerts@47f4e407]" started-at="2025-07-20T15:33:54 IST" name="testAlerts" data-provider="dp" finished-at="2025-07-20T15:34:00 IST" duration-ms="6834" status="PASS">
          <params>
            <param index="0">
              <value>
                <![CDATA[Prakash]]>
              </value>
            </param>
          </params>
          <reporter-output>
          </reporter-output>
        </test-method> <!-- testAlerts -->
        <test-method signature="testAlerts(java.lang.String)[pri:0, instance:MiniProjectAlerts.alerts@47f4e407]" started-at="2025-07-20T15:34:00 IST" name="testAlerts" data-provider="dp" finished-at="2025-07-20T15:34:07 IST" duration-ms="7055" status="PASS">
          <params>
            <param index="0">
              <value>
                <![CDATA[Mohapatra]]>
              </value>
            </param>
          </params>
          <reporter-output>
          </reporter-output>
        </test-method> <!-- testAlerts -->
        <test-method is-config="true" signature="tearDown()[pri:0, instance:MiniProjectAlerts.alerts@47f4e407]" started-at="2025-07-20T15:34:07 IST" name="tearDown" finished-at="2025-07-20T15:34:10 IST" duration-ms="2695" status="PASS">
          <reporter-output>
          </reporter-output>
        </test-method> <!-- tearDown -->
      </class> <!-- MiniProjectAlerts.alerts -->
    </test> <!-- Default test -->
  </suite> <!-- Default suite -->
</testng-results>
