<?xml version="1.0" encoding="UTF-8"?>
<!-- Generated by org.testng.reporters.JUnitReportReporter -->
<testsuite hostname="LTIN593333" failures="0" tests="3" name="MiniProjectAlerts.alerts" time="21.764" errors="0" timestamp="2025-07-20T15:34:10 IST" skipped="0">
  <testcase classname="MiniProjectAlerts.alerts" name="testAlerts" time="7.875"/>
  <testcase classname="MiniProjectAlerts.alerts" name="testAlerts" time="6.834"/>
  <testcase classname="MiniProjectAlerts.alerts" name="testAlerts" time="7.055"/>
</testsuite> <!-- MiniProjectAlerts.alerts -->
